#
# There is insufficient memory for the Java Runtime Environment to continue.
# Native memory allocation (mmap) failed to map 934281216 bytes for committing reserved memory.
# Possible reasons:
#   The system is out of physical RAM or swap space
#   The process is running with CompressedOops enabled, and the Java Heap may be blocking the growth of the native heap
# Possible solutions:
#   Reduce memory load on the system
#   Increase physical memory or swap space
#   Check if swap backing store is full
#   Decrease Java heap size (-Xmx/-Xms)
#   Decrease number of Java threads
#   Decrease Java thread stack sizes (-Xss)
#   Set larger code cache with -XX:ReservedCodeCacheSize=
#   JVM is running with Zero Based Compressed Oops mode in which the Java heap is
#     placed in the first 32GB address space. The Java Heap base address is the
#     maximum limit for the native heap growth. Please use -XX:HeapBaseMinAddress
#     to set the Java Heap base and to place the Java Heap above 32GB virtual address.
# This output file may be truncated or incomplete.
#
#  Out of Memory Error (os_linux.cpp:2798), pid=4553, tid=0x00007f2e2531f700
#
# JRE version: OpenJDK Runtime Environment (8.0_292-b10) (build 1.8.0_292-8u292-b10-0ubuntu1~18.04-b10)
# Java VM: OpenJDK 64-Bit Server VM (25.292-b10 mixed mode linux-amd64 compressed oops)
# Failed to write core dump. Core dumps have been disabled. To enable core dumping, try "ulimit -c unlimited" before starting Java again
#

---------------  T H R E A D  ---------------

Current thread (0x00007f2e701c9800):  VMThread [stack: 0x00007f2e25220000,0x00007f2e25320000] [id=4563]

Stack: [0x00007f2e25220000,0x00007f2e25320000],  sp=0x00007f2e2531e320,  free space=1016k
Native frames: (J=compiled Java code, j=interpreted, Vv=VM code, C=native code)
V  [libjvm.so+0xb6cc82]
V  [libjvm.so+0x4f1a67]
V  [libjvm.so+0x993160]
V  [libjvm.so+0x98a60e]
V  [libjvm.so+0xa11a66]
V  [libjvm.so+0xa12dd8]
V  [libjvm.so+0xa0f106]
V  [libjvm.so+0xa0f49c]
V  [libjvm.so+0x9bd838]
V  [libjvm.so+0xb6f6b2]
V  [libjvm.so+0xb75466]
V  [libjvm.so+0xb731a9]
V  [libjvm.so+0xb736bb]
V  [libjvm.so+0xb73af8]
V  [libjvm.so+0x990552]

VM_Operation (0x00007f2da3bf91f0): ParallelGCFailedAllocation, mode: safepoint, requested by thread 0x00007f2e70e4f000


---------------  P R O C E S S  ---------------

Java Threads: ( => current thread )
  0x00007f2e70d9a000 JavaThread "Grizzly(10)" daemon [_thread_blocked, id=5089, stack(0x00007f2da23e6000,0x00007f2da24e7000)]
  0x00007f2e70d98000 JavaThread "Grizzly(9)" daemon [_thread_blocked, id=5088, stack(0x00007f2da24e7000,0x00007f2da25e8000)]
  0x00007f2e70d96000 JavaThread "Grizzly(8)" daemon [_thread_blocked, id=5087, stack(0x00007f2da25e8000,0x00007f2da26e9000)]
  0x00007f2e70cf1000 JavaThread "Grizzly(7)" daemon [_thread_blocked, id=5086, stack(0x00007f2da26e9000,0x00007f2da27ea000)]
  0x00007f2e70cef000 JavaThread "Grizzly(6)" daemon [_thread_blocked, id=5085, stack(0x00007f2da27ea000,0x00007f2da28eb000)]
  0x00007f2e70ced000 JavaThread "Grizzly(5)" daemon [_thread_blocked, id=5084, stack(0x00007f2da28eb000,0x00007f2da29ec000)]
  0x00007f2e70ceb000 JavaThread "Grizzly(4)" daemon [_thread_blocked, id=5083, stack(0x00007f2da29ec000,0x00007f2da2aed000)]
  0x00007f2e70c3e000 JavaThread "Grizzly(3)" daemon [_thread_blocked, id=5082, stack(0x00007f2da2aed000,0x00007f2da2bee000)]
  0x00007f2e70c3c000 JavaThread "Grizzly(2)" daemon [_thread_blocked, id=5081, stack(0x00007f2da2bee000,0x00007f2da2cef000)]
  0x00007f2e70c3a800 JavaThread "Grizzly(1)" daemon [_thread_blocked, id=5080, stack(0x00007f2da2cef000,0x00007f2da2df0000)]
  0x00007f2e70c38800 JavaThread "grizzly-nio-kernel(9) SelectorRunner" daemon [_thread_blocked, id=5079, stack(0x00007f2da2df0000,0x00007f2da2ef1000)]
  0x00007f2e70d38800 JavaThread "grizzly-nio-kernel(8) SelectorRunner" daemon [_thread_blocked, id=5078, stack(0x00007f2da2ef1000,0x00007f2da2ff2000)]
  0x00007f2e70d37000 JavaThread "grizzly-nio-kernel(7) SelectorRunner" daemon [_thread_blocked, id=5077, stack(0x00007f2da2ff2000,0x00007f2da30f3000)]
  0x00007f2e70d35800 JavaThread "grizzly-nio-kernel(6) SelectorRunner" daemon [_thread_blocked, id=5076, stack(0x00007f2da30f3000,0x00007f2da31f4000)]
  0x00007f2e70d33800 JavaThread "grizzly-nio-kernel(5) SelectorRunner" daemon [_thread_blocked, id=5075, stack(0x00007f2da31f4000,0x00007f2da32f5000)]
  0x00007f2e70e5a000 JavaThread "grizzly-nio-kernel(4) SelectorRunner" daemon [_thread_blocked, id=5074, stack(0x00007f2da32f5000,0x00007f2da33f6000)]
  0x00007f2e70e58000 JavaThread "grizzly-nio-kernel(3) SelectorRunner" daemon [_thread_blocked, id=5073, stack(0x00007f2da33f6000,0x00007f2da34f7000)]
  0x00007f2e706ae000 JavaThread "grizzly-nio-kernel(2) SelectorRunner" daemon [_thread_blocked, id=5072, stack(0x00007f2da34f7000,0x00007f2da35f8000)]
  0x00007f2e70e57000 JavaThread "grizzly-nio-kernel(1) SelectorRunner" daemon [_thread_blocked, id=5071, stack(0x00007f2da35f8000,0x00007f2da36f9000)]
  0x00007f2e70e53000 JavaThread "Grizzly(10)" daemon [_thread_blocked, id=4968, stack(0x00007f2da38f9000,0x00007f2da39fa000)]
  0x00007f2e70e51000 JavaThread "Grizzly(9)" daemon [_thread_blocked, id=4967, stack(0x00007f2da39fa000,0x00007f2da3afb000)]
  0x00007f2e70e4f000 JavaThread "Grizzly(8)" daemon [_thread_blocked, id=4966, stack(0x00007f2da3afb000,0x00007f2da3bfc000)]
  0x00007f2e70e4d800 JavaThread "Grizzly(7)" daemon [_thread_blocked, id=4965, stack(0x00007f2da3bfc000,0x00007f2da3cfd000)]
  0x00007f2e70e4b800 JavaThread "Grizzly(6)" daemon [_thread_blocked, id=4964, stack(0x00007f2da3cfd000,0x00007f2da3dfe000)]
  0x00007f2e70e4a000 JavaThread "Grizzly(5)" daemon [_thread_blocked, id=4963, stack(0x00007f2da3dfe000,0x00007f2da3eff000)]
  0x00007f2e70e48000 JavaThread "Grizzly(4)" daemon [_thread_blocked, id=4962, stack(0x00007f2da3eff000,0x00007f2da4000000)]
  0x00007f2e70e46800 JavaThread "Grizzly(3)" daemon [_thread_blocked, id=4961, stack(0x00007f2ddc0ef000,0x00007f2ddc1f0000)]
  0x00007f2e70e45000 JavaThread "Grizzly(2)" daemon [_thread_blocked, id=4960, stack(0x00007f2ddc1f0000,0x00007f2ddc2f1000)]
  0x00007f2e70e43000 JavaThread "Grizzly(1)" daemon [_thread_blocked, id=4959, stack(0x00007f2ddc2f1000,0x00007f2ddc3f2000)]
  0x00007f2e70e41800 JavaThread "grizzly-nio-kernel(9) SelectorRunner" daemon [_thread_in_native, id=4958, stack(0x00007f2ddc3f2000,0x00007f2ddc4f3000)]
  0x00007f2e70e3f800 JavaThread "grizzly-nio-kernel(8) SelectorRunner" daemon [_thread_in_native, id=4957, stack(0x00007f2ddc4f3000,0x00007f2ddc5f4000)]
  0x00007f2e70e3e000 JavaThread "grizzly-nio-kernel(7) SelectorRunner" daemon [_thread_blocked, id=4956, stack(0x00007f2ddc5f4000,0x00007f2ddc6f5000)]
  0x00007f2e70e3c000 JavaThread "grizzly-nio-kernel(6) SelectorRunner" daemon [_thread_blocked, id=4955, stack(0x00007f2ddc6f5000,0x00007f2ddc7f6000)]
  0x00007f2e70e3a800 JavaThread "grizzly-nio-kernel(5) SelectorRunner" daemon [_thread_blocked, id=4954, stack(0x00007f2ddc7f6000,0x00007f2ddc8f7000)]
  0x00007f2e70e38800 JavaThread "grizzly-nio-kernel(4) SelectorRunner" daemon [_thread_blocked, id=4953, stack(0x00007f2ddc8f7000,0x00007f2ddc9f8000)]
  0x00007f2e70e37000 JavaThread "grizzly-nio-kernel(3) SelectorRunner" daemon [_thread_blocked, id=4952, stack(0x00007f2ddc9f8000,0x00007f2ddcaf9000)]
  0x00007f2e70e35000 JavaThread "grizzly-nio-kernel(2) SelectorRunner" daemon [_thread_in_native, id=4951, stack(0x00007f2ddcaf9000,0x00007f2ddcbfa000)]
  0x00007f2e70e33800 JavaThread "grizzly-nio-kernel(1) SelectorRunner" daemon [_thread_blocked, id=4950, stack(0x00007f2ddcbfa000,0x00007f2ddccfb000)]
  0x00007f2e70df8000 JavaThread "HttpServer-0" daemon [_thread_blocked, id=4949, stack(0x00007f2ddccfb000,0x00007f2ddcdfc000)]
  0x00007f2e70acf000 JavaThread "pool-1-thread-1" [_thread_blocked, id=4948, stack(0x00007f2ddd3fc000,0x00007f2ddd4fd000)]
  0x00007f2e709ec800 JavaThread "WeakCollectionCleaner" daemon [_thread_blocked, id=4820, stack(0x00007f2ddd8fd000,0x00007f2ddd9fe000)]
  0x00007f2e70811000 JavaThread "GT authority factory disposer" daemon [_thread_blocked, id=4817, stack(0x00007f2ddf00f000,0x00007f2ddf110000)]
  0x00007f2e7021f800 JavaThread "Service Thread" daemon [_thread_blocked, id=4572, stack(0x00007f2e246d8000,0x00007f2e247d9000)]
  0x00007f2e70214800 JavaThread "C1 CompilerThread3" daemon [_thread_blocked, id=4571, stack(0x00007f2e247da000,0x00007f2e248da000)]
  0x00007f2e70212000 JavaThread "C2 CompilerThread2" daemon [_thread_blocked, id=4570, stack(0x00007f2e248db000,0x00007f2e249db000)]
  0x00007f2e70210800 JavaThread "C2 CompilerThread1" daemon [_thread_blocked, id=4569, stack(0x00007f2e249dc000,0x00007f2e24adc000)]
  0x00007f2e7020d800 JavaThread "C2 CompilerThread0" daemon [_thread_blocked, id=4568, stack(0x00007f2e24add000,0x00007f2e24bdd000)]
  0x00007f2e7020a800 JavaThread "Signal Dispatcher" daemon [_thread_blocked, id=4567, stack(0x00007f2e24bdd000,0x00007f2e24cde000)]
  0x00007f2e701d7800 JavaThread "Finalizer" daemon [_thread_blocked, id=4565, stack(0x00007f2e2501d000,0x00007f2e2511e000)]
  0x00007f2e701d3000 JavaThread "Reference Handler" daemon [_thread_blocked, id=4564, stack(0x00007f2e2511e000,0x00007f2e2521f000)]
  0x00007f2e7000b800 JavaThread "main" [_thread_blocked, id=4554, stack(0x00007f2e76db5000,0x00007f2e76eb5000)]

Other Threads:
=>0x00007f2e701c9800 VMThread [stack: 0x00007f2e25220000,0x00007f2e25320000] [id=4563]
  0x00007f2e70222000 WatcherThread [stack: 0x00007f2e245d8000,0x00007f2e246d8000] [id=4573]

VM state:at safepoint (normal execution)

VM Mutex/Monitor currently owned by a thread:  ([mutex/lock_event])
[0x00007f2e70007ea0] Threads_lock - owner thread: 0x00007f2e701c9800
[0x00007f2e700083a0] Heap_lock - owner thread: 0x00007f2e70e4f000

heap address: 0x00000001c0000000, size: 24576 MB, Compressed Oops mode: Zero based, Oop shift amount: 3
Narrow klass base: 0x0000000000000000, Narrow klass shift: 3
Compressed class space size: 1073741824 Address: 0x00000007c0000000

Heap:
 PSYoungGen      total 4314112K, used 1234403K [0x00000005c0000000, 0x000000071a500000, 0x00000007c0000000)
  eden space 3079680K, 0% used [0x00000005c0000000,0x00000005c0000000,0x000000067bf80000)
  from space 1234432K, 99% used [0x00000006cef80000,0x000000071a4f8db0,0x000000071a500000)
  to   space 984064K, 0% used [0x000000067bf80000,0x000000067bf80000,0x00000006b8080000)
 ParOldGen       total 8150528K, used 8146847K [0x00000001c0000000, 0x00000003b1780000, 0x00000005c0000000)
  object space 8150528K, 99% used [0x00000001c0000000,0x00000003b13e7d90,0x00000003b1780000)
 Metaspace       used 41897K, capacity 42780K, committed 43096K, reserved 1087488K
  class space    used 4950K, capacity 5144K, committed 5248K, reserved 1048576K

Card table byte_map: [0x00007f2e5d1f4000,0x00007f2e601f5000] byte_map_base: 0x00007f2e5c3f4000

Marking Bits: (ParMarkBitMap*) 0x00007f2e7603e6c0
 Begin Bits: [0x00007f2e2a9ec000, 0x00007f2e429ec000)
 End Bits:   [0x00007f2e429ec000, 0x00007f2e5a9ec000)

Polling page: 0x00007f2e76ec1000

CodeCache: size=245760Kb used=16770Kb max_used=16921Kb free=228989Kb
 bounds [0x00007f2e605b5000, 0x00007f2e61665000, 0x00007f2e6f5b5000]
 total_blobs=5847 nmethods=5225 adapters=532
 compilation: enabled

Compilation events (10 events):
Event: 1106.183 Thread 0x00007f2e70214800 7194       3       ch.qos.logback.core.joran.spi.ConsoleTarget$1::flush (7 bytes)
Event: 1106.183 Thread 0x00007f2e70214800 nmethod 7194 0x00007f2e60d15490 code [0x00007f2e60d15640, 0x00007f2e60d15c58]
Event: 1106.183 Thread 0x00007f2e70214800 7195       3       org.opentripplanner.routing.graph.Vertex::toString (75 bytes)
Event: 1106.184 Thread 0x00007f2e70214800 nmethod 7195 0x00007f2e6123b350 code [0x00007f2e6123b680, 0x00007f2e6123d448]
Event: 1106.694 Thread 0x00007f2e70212000 7196   !   4       java.util.Formatter$FormatSpecifier::precision (63 bytes)
Event: 1106.694 Thread 0x00007f2e70212000 nmethod 7196 0x00007f2e613f24d0 code [0x00007f2e613f2620, 0x00007f2e613f26b8]
Event: 1106.701 Thread 0x00007f2e70210800 7197       4       java.util.Formatter$Conversion::isValid (47 bytes)
Event: 1106.703 Thread 0x00007f2e70210800 nmethod 7197 0x00007f2e6143ffd0 code [0x00007f2e61440460, 0x00007f2e614404f8]
Event: 1106.805 Thread 0x00007f2e70210800 7198       4       java.util.Formatter$FormatSpecifier::conversion (94 bytes)
Event: 1106.809 Thread 0x00007f2e70210800 nmethod 7198 0x00007f2e610e3dd0 code [0x00007f2e610e42c0, 0x00007f2e610e46b8]

GC Heap History (10 events):
Event: 575.885 GC heap after
Heap after GC invocations=78 (full 9):
 PSYoungGen      total 3991552K, used 335650K [0x00000005c0000000, 0x00000006f4f00000, 0x00000007c0000000)
  eden space 2900480K, 0% used [0x00000005c0000000,0x00000005c0000000,0x0000000671080000)
  from space 1091072K, 30% used [0x0000000671080000,0x0000000685848ae0,0x00000006b3a00000)
  to   space 1016832K, 0% used [0x00000006b6e00000,0x00000006b6e00000,0x00000006f4f00000)
 ParOldGen       total 7924736K, used 7289896K [0x00000001c0000000, 0x00000003a3b00000, 0x00000005c0000000)
  object space 7924736K, 91% used [0x00000001c0000000,0x000000037cf0a258,0x00000003a3b00000)
 Metaspace       used 41689K, capacity 42576K, committed 42840K, reserved 1087488K
  class space    used 4948K, capacity 5142K, committed 5248K, reserved 1048576K
}
Event: 581.198 GC heap before
{Heap before GC invocations=79 (full 9):
 PSYoungGen      total 3991552K, used 3236130K [0x00000005c0000000, 0x00000006f4f00000, 0x00000007c0000000)
  eden space 2900480K, 100% used [0x00000005c0000000,0x0000000671080000,0x0000000671080000)
  from space 1091072K, 30% used [0x0000000671080000,0x0000000685848ae0,0x00000006b3a00000)
  to   space 1016832K, 0% used [0x00000006b6e00000,0x00000006b6e00000,0x00000006f4f00000)
 ParOldGen       total 7924736K, used 7291397K [0x00000001c0000000, 0x00000003a3b00000, 0x00000005c0000000)
  object space 7924736K, 92% used [0x00000001c0000000,0x000000037d081490,0x00000003a3b00000)
 Metaspace       used 41745K, capacity 42640K, committed 43096K, reserved 1087488K
  class space    used 4948K, capacity 5142K, committed 5248K, reserved 1048576K
Event: 581.511 GC heap after
Heap after GC invocations=79 (full 9):
 PSYoungGen      total 3912704K, used 347782K [0x00000005c0000000, 0x00000006ed180000, 0x00000007c0000000)
  eden space 3024384K, 0% used [0x00000005c0000000,0x00000005c0000000,0x0000000678980000)
  from space 888320K, 39% used [0x00000006b6e00000,0x00000006cc1a1b08,0x00000006ed180000)
  to   space 954368K, 0% used [0x0000000678980000,0x0000000678980000,0x00000006b2d80000)
 ParOldGen       total 7924736K, used 7306696K [0x00000001c0000000, 0x00000003a3b00000, 0x00000005c0000000)
  object space 7924736K, 92% used [0x00000001c0000000,0x000000037df72018,0x00000003a3b00000)
 Metaspace       used 41745K, capacity 42640K, committed 43096K, reserved 1087488K
  class space    used 4948K, capacity 5142K, committed 5248K, reserved 1048576K
}
Event: 589.853 GC heap before
{Heap before GC invocations=80 (full 9):
 PSYoungGen      total 3912704K, used 3372166K [0x00000005c0000000, 0x00000006ed180000, 0x00000007c0000000)
  eden space 3024384K, 100% used [0x00000005c0000000,0x0000000678980000,0x0000000678980000)
  from space 888320K, 39% used [0x00000006b6e00000,0x00000006cc1a1b08,0x00000006ed180000)
  to   space 954368K, 0% used [0x0000000678980000,0x0000000678980000,0x00000006b2d80000)
 ParOldGen       total 7924736K, used 7306696K [0x00000001c0000000, 0x00000003a3b00000, 0x00000005c0000000)
  object space 7924736K, 92% used [0x00000001c0000000,0x000000037df72018,0x00000003a3b00000)
 Metaspace       used 41793K, capacity 42704K, committed 43096K, reserved 1087488K
  class space    used 4949K, capacity 5142K, committed 5248K, reserved 1048576K
Event: 590.146 GC heap after
Heap after GC invocations=80 (full 9):
 PSYoungGen      total 3978752K, used 411946K [0x00000005c0000000, 0x00000006f0480000, 0x00000007c0000000)
  eden space 3024384K, 0% used [0x00000005c0000000,0x00000005c0000000,0x0000000678980000)
  from space 954368K, 43% used [0x0000000678980000,0x0000000691bca9f8,0x00000006b2d80000)
  to   space 921600K, 0% used [0x00000006b8080000,0x00000006b8080000,0x00000006f0480000)
 ParOldGen       total 7924736K, used 7320915K [0x00000001c0000000, 0x00000003a3b00000, 0x00000005c0000000)
  object space 7924736K, 92% used [0x00000001c0000000,0x000000037ed54e98,0x00000003a3b00000)
 Metaspace       used 41793K, capacity 42704K, committed 43096K, reserved 1087488K
  class space    used 4949K, capacity 5142K, committed 5248K, reserved 1048576K
}
Event: 1092.544 GC heap before
{Heap before GC invocations=81 (full 9):
 PSYoungGen      total 3978752K, used 3436330K [0x00000005c0000000, 0x00000006f0480000, 0x00000007c0000000)
  eden space 3024384K, 100% used [0x00000005c0000000,0x0000000678980000,0x0000000678980000)
  from space 954368K, 43% used [0x0000000678980000,0x0000000691bca9f8,0x00000006b2d80000)
  to   space 921600K, 0% used [0x00000006b8080000,0x00000006b8080000,0x00000006f0480000)
 ParOldGen       total 7924736K, used 7320915K [0x00000001c0000000, 0x00000003a3b00000, 0x00000005c0000000)
  object space 7924736K, 92% used [0x00000001c0000000,0x000000037ed54e98,0x00000003a3b00000)
 Metaspace       used 41865K, capacity 42716K, committed 43096K, reserved 1087488K
  class space    used 4950K, capacity 5144K, committed 5248K, reserved 1048576K
Event: 1093.039 GC heap after
Heap after GC invocations=81 (full 9):
 PSYoungGen      total 4001280K, used 666296K [0x00000005c0000000, 0x00000006f6680000, 0x00000007c0000000)
  eden space 3079680K, 0% used [0x00000005c0000000,0x00000005c0000000,0x000000067bf80000)
  from space 921600K, 72% used [0x00000006b8080000,0x00000006e0b2e078,0x00000006f0480000)
  to   space 984064K, 0% used [0x000000067bf80000,0x000000067bf80000,0x00000006b8080000)
 ParOldGen       total 7924736K, used 7335781K [0x00000001c0000000, 0x00000003a3b00000, 0x00000005c0000000)
  object space 7924736K, 92% used [0x00000001c0000000,0x000000037fbd9768,0x00000003a3b00000)
 Metaspace       used 41865K, capacity 42716K, committed 43096K, reserved 1087488K
  class space    used 4950K, capacity 5144K, committed 5248K, reserved 1048576K
}
Event: 1101.707 GC heap before
{Heap before GC invocations=82 (full 9):
 PSYoungGen      total 4001280K, used 3745976K [0x00000005c0000000, 0x00000006f6680000, 0x00000007c0000000)
  eden space 3079680K, 100% used [0x00000005c0000000,0x000000067bf80000,0x000000067bf80000)
  from space 921600K, 72% used [0x00000006b8080000,0x00000006e0b2e078,0x00000006f0480000)
  to   space 984064K, 0% used [0x000000067bf80000,0x000000067bf80000,0x00000006b8080000)
 ParOldGen       total 7924736K, used 7335781K [0x00000001c0000000, 0x00000003a3b00000, 0x00000005c0000000)
  object space 7924736K, 92% used [0x00000001c0000000,0x000000037fbd9768,0x00000003a3b00000)
 Metaspace       used 41872K, capacity 42716K, committed 43096K, reserved 1087488K
  class space    used 4950K, capacity 5144K, committed 5248K, reserved 1048576K
Event: 1102.732 GC heap after
Heap after GC invocations=82 (full 9):
 PSYoungGen      total 4063744K, used 984055K [0x00000005c0000000, 0x000000071a500000, 0x00000007c0000000)
  eden space 3079680K, 0% used [0x00000005c0000000,0x00000005c0000000,0x000000067bf80000)
  from space 984064K, 99% used [0x000000067bf80000,0x00000006b807dca0,0x00000006b8080000)
  to   space 1234432K, 0% used [0x00000006cef80000,0x00000006cef80000,0x000000071a500000)
 ParOldGen       total 7924736K, used 7566957K [0x00000001c0000000, 0x00000003a3b00000, 0x00000005c0000000)
  object space 7924736K, 95% used [0x00000001c0000000,0x000000038dd9b6c8,0x00000003a3b00000)
 Metaspace       used 41872K, capacity 42716K, committed 43096K, reserved 1087488K
  class space    used 4950K, capacity 5144K, committed 5248K, reserved 1048576K
}
Event: 1115.056 GC heap before
{Heap before GC invocations=83 (full 9):
 PSYoungGen      total 4063744K, used 4063735K [0x00000005c0000000, 0x000000071a500000, 0x00000007c0000000)
  eden space 3079680K, 100% used [0x00000005c0000000,0x000000067bf80000,0x000000067bf80000)
  from space 984064K, 99% used [0x000000067bf80000,0x00000006b807dca0,0x00000006b8080000)
  to   space 1234432K, 0% used [0x00000006cef80000,0x00000006cef80000,0x000000071a500000)
 ParOldGen       total 7924736K, used 7566957K [0x00000001c0000000, 0x00000003a3b00000, 0x00000005c0000000)
  object space 7924736K, 95% used [0x00000001c0000000,0x000000038dd9b6c8,0x00000003a3b00000)
 Metaspace       used 41897K, capacity 42780K, committed 43096K, reserved 1087488K
  class space    used 4950K, capacity 5144K, committed 5248K, reserved 1048576K

Deoptimization events (10 events):
Event: 1087.648 Thread 0x00007f2e70e38800 Uncommon trap: reason=bimorphic action=maybe_recompile pc=0x00007f2e615df3bc method=org.glassfish.grizzly.filterchain.DefaultFilterChain.execute(Lorg/glassfish/grizzly/filterchain/FilterChainContext;)Lorg/glassfish/grizzly/ProcessorResult; @ 16
Event: 1087.658 Thread 0x00007f2e70e38800 Uncommon trap: reason=bimorphic action=maybe_recompile pc=0x00007f2e615def3c method=org.glassfish.grizzly.filterchain.DefaultFilterChain.executeFilter(Lorg/glassfish/grizzly/filterchain/FilterExecutor;Lorg/glassfish/grizzly/filterchain/Filter;Lorg/glassfi
Event: 1087.699 Thread 0x00007f2e70e3e000 Uncommon trap: reason=bimorphic action=maybe_recompile pc=0x00007f2e615df3bc method=org.glassfish.grizzly.filterchain.DefaultFilterChain.execute(Lorg/glassfish/grizzly/filterchain/FilterChainContext;)Lorg/glassfish/grizzly/ProcessorResult; @ 16
Event: 1087.700 Thread 0x00007f2e70e37000 Uncommon trap: reason=bimorphic action=maybe_recompile pc=0x00007f2e615df3bc method=org.glassfish.grizzly.filterchain.DefaultFilterChain.execute(Lorg/glassfish/grizzly/filterchain/FilterChainContext;)Lorg/glassfish/grizzly/ProcessorResult; @ 16
Event: 1087.701 Thread 0x00007f2e70e3a800 Uncommon trap: reason=bimorphic action=maybe_recompile pc=0x00007f2e615df3bc method=org.glassfish.grizzly.filterchain.DefaultFilterChain.execute(Lorg/glassfish/grizzly/filterchain/FilterChainContext;)Lorg/glassfish/grizzly/ProcessorResult; @ 16
Event: 1087.701 Thread 0x00007f2e70e3c000 Uncommon trap: reason=bimorphic action=maybe_recompile pc=0x00007f2e615df3bc method=org.glassfish.grizzly.filterchain.DefaultFilterChain.execute(Lorg/glassfish/grizzly/filterchain/FilterChainContext;)Lorg/glassfish/grizzly/ProcessorResult; @ 16
Event: 1087.717 Thread 0x00007f2e70e3e000 Uncommon trap: reason=bimorphic action=maybe_recompile pc=0x00007f2e615d1e78 method=org.glassfish.grizzly.filterchain.DefaultFilterChain.executeFilter(Lorg/glassfish/grizzly/filterchain/FilterExecutor;Lorg/glassfish/grizzly/filterchain/Filter;Lorg/glassfi
Event: 1087.717 Thread 0x00007f2e70e37000 Uncommon trap: reason=bimorphic action=maybe_recompile pc=0x00007f2e615d1e78 method=org.glassfish.grizzly.filterchain.DefaultFilterChain.executeFilter(Lorg/glassfish/grizzly/filterchain/FilterExecutor;Lorg/glassfish/grizzly/filterchain/Filter;Lorg/glassfi
Event: 1087.719 Thread 0x00007f2e70e3a800 Uncommon trap: reason=bimorphic action=maybe_recompile pc=0x00007f2e60eb208c method=org.glassfish.grizzly.filterchain.DefaultFilterChain.executeFilter(Lorg/glassfish/grizzly/filterchain/FilterExecutor;Lorg/glassfish/grizzly/filterchain/Filter;Lorg/glassfi
Event: 1087.719 Thread 0x00007f2e70e3c000 Uncommon trap: reason=bimorphic action=maybe_recompile pc=0x00007f2e60eb208c method=org.glassfish.grizzly.filterchain.DefaultFilterChain.executeFilter(Lorg/glassfish/grizzly/filterchain/FilterExecutor;Lorg/glassfish/grizzly/filterchain/Filter;Lorg/glassfi

Classes redefined (0 events):
No events

Internal exceptions (10 events):
Event: 571.320 Thread 0x00007f2e70e4b800 Implicit null exception at 0x00007f2e60f6c330 to 0x00007f2e60f6c429
Event: 571.320 Thread 0x00007f2e70e4b800 Implicit null exception at 0x00007f2e60dbec29 to 0x00007f2e60dbed35
Event: 571.320 Thread 0x00007f2e70e4b800 Implicit null exception at 0x00007f2e60f6f450 to 0x00007f2e60f6f51d
Event: 571.323 Thread 0x00007f2e70e4b800 Implicit null exception at 0x00007f2e60f6a742 to 0x00007f2e60f6a951
Event: 571.323 Thread 0x00007f2e70e4b800 Implicit null exception at 0x00007f2e614b4f69 to 0x00007f2e614b50e9
Event: 571.324 Thread 0x00007f2e70e4b800 Implicit null exception at 0x00007f2e614ae210 to 0x00007f2e614aee2d
Event: 571.324 Thread 0x00007f2e70e4b800 Implicit null exception at 0x00007f2e614b4a52 to 0x00007f2e614b4b81
Event: 571.701 Thread 0x00007f2e70e48000 Implicit null exception at 0x00007f2e615392ee to 0x00007f2e61539909
Event: 572.916 Thread 0x00007f2e70e3a800 Implicit null exception at 0x00007f2e6157b6ab to 0x00007f2e6157dcb5
Event: 572.916 Thread 0x00007f2e70e3a800 Implicit null exception at 0x00007f2e6150a22c to 0x00007f2e6150c011

Events (10 events):
Event: 1105.833 Thread 0x00007f2e70212000 flushing nmethod 0x00007f2e6139b810
Event: 1105.833 Thread 0x00007f2e70212000 flushing nmethod 0x00007f2e6139f550
Event: 1106.169 Thread 0x00007f2e70214800 flushing nmethod 0x00007f2e613f2310
Event: 1106.169 Thread 0x00007f2e70214800 flushing nmethod 0x00007f2e614000d0
Event: 1106.169 Thread 0x00007f2e70214800 flushing nmethod 0x00007f2e6140e950
Event: 1106.169 Thread 0x00007f2e70214800 flushing nmethod 0x00007f2e61414e50
Event: 1106.169 Thread 0x00007f2e70214800 flushing nmethod 0x00007f2e61433010
Event: 1106.169 Thread 0x00007f2e70214800 flushing nmethod 0x00007f2e6143f7d0
Event: 1106.169 Thread 0x00007f2e70214800 flushing nmethod 0x00007f2e61459fd0
Event: 1115.030 Executing VM operation: ParallelGCFailedAllocation


Dynamic libraries:
1c0000000-3b1780000 rw-p 00000000 00:00 0 
3b1780000-5c0000000 ---p 00000000 00:00 0 
5c0000000-71a500000 rw-p 00000000 00:00 0 
752000000-7c0000000 ---p 00000000 00:00 0 
7c0000000-7c0520000 rw-p 00000000 00:00 0 
7c0520000-800000000 ---p 00000000 00:00 0 
5599823c3000-5599823c4000 r-xp 00000000 fc:01 260211                     /usr/lib/jvm/java-8-openjdk-amd64/jre/bin/java
5599825c3000-5599825c4000 r--p 00000000 fc:01 260211                     /usr/lib/jvm/java-8-openjdk-amd64/jre/bin/java
5599825c4000-5599825c5000 rw-p 00001000 fc:01 260211                     /usr/lib/jvm/java-8-openjdk-amd64/jre/bin/java
55998445c000-55998447d000 rw-p 00000000 00:00 0                          [heap]
7f2d28000000-7f2d28021000 rw-p 00000000 00:00 0 
7f2d28021000-7f2d2c000000 ---p 00000000 00:00 0 
7f2d30000000-7f2d30021000 rw-p 00000000 00:00 0 
7f2d30021000-7f2d34000000 ---p 00000000 00:00 0 
7f2d34000000-7f2d34021000 rw-p 00000000 00:00 0 
7f2d34021000-7f2d38000000 ---p 00000000 00:00 0 
7f2d38000000-7f2d38021000 rw-p 00000000 00:00 0 
7f2d38021000-7f2d3c000000 ---p 00000000 00:00 0 
7f2d3c000000-7f2d3c021000 rw-p 00000000 00:00 0 
7f2d3c021000-7f2d40000000 ---p 00000000 00:00 0 
7f2d40000000-7f2d40021000 rw-p 00000000 00:00 0 
7f2d40021000-7f2d44000000 ---p 00000000 00:00 0 
7f2d44000000-7f2d44021000 rw-p 00000000 00:00 0 
7f2d44021000-7f2d48000000 ---p 00000000 00:00 0 
7f2d48000000-7f2d48021000 rw-p 00000000 00:00 0 
7f2d48021000-7f2d4c000000 ---p 00000000 00:00 0 
7f2d4c000000-7f2d4c021000 rw-p 00000000 00:00 0 
7f2d4c021000-7f2d50000000 ---p 00000000 00:00 0 
7f2d50000000-7f2d50021000 rw-p 00000000 00:00 0 
7f2d50021000-7f2d54000000 ---p 00000000 00:00 0 
7f2d54000000-7f2d54021000 rw-p 00000000 00:00 0 
7f2d54021000-7f2d58000000 ---p 00000000 00:00 0 
7f2d58000000-7f2d58021000 rw-p 00000000 00:00 0 
7f2d58021000-7f2d5c000000 ---p 00000000 00:00 0 
7f2d5c000000-7f2d5c021000 rw-p 00000000 00:00 0 
7f2d5c021000-7f2d60000000 ---p 00000000 00:00 0 
7f2d60000000-7f2d60021000 rw-p 00000000 00:00 0 
7f2d60021000-7f2d64000000 ---p 00000000 00:00 0 
7f2d64000000-7f2d64021000 rw-p 00000000 00:00 0 
7f2d64021000-7f2d68000000 ---p 00000000 00:00 0 
7f2d68000000-7f2d68021000 rw-p 00000000 00:00 0 
7f2d68021000-7f2d6c000000 ---p 00000000 00:00 0 
7f2d6c000000-7f2d6c021000 rw-p 00000000 00:00 0 
7f2d6c021000-7f2d70000000 ---p 00000000 00:00 0 
7f2d70000000-7f2d70021000 rw-p 00000000 00:00 0 
7f2d70021000-7f2d74000000 ---p 00000000 00:00 0 
7f2d74000000-7f2d74021000 rw-p 00000000 00:00 0 
7f2d74021000-7f2d78000000 ---p 00000000 00:00 0 
7f2d78000000-7f2d78021000 rw-p 00000000 00:00 0 
7f2d78021000-7f2d7c000000 ---p 00000000 00:00 0 
7f2d7c000000-7f2d7c021000 rw-p 00000000 00:00 0 
7f2d7c021000-7f2d80000000 ---p 00000000 00:00 0 
7f2d80000000-7f2d8006a000 rw-p 00000000 00:00 0 
7f2d8006a000-7f2d84000000 ---p 00000000 00:00 0 
7f2d84000000-7f2d84070000 rw-p 00000000 00:00 0 
7f2d84070000-7f2d88000000 ---p 00000000 00:00 0 
7f2d88000000-7f2d88071000 rw-p 00000000 00:00 0 
7f2d88071000-7f2d8c000000 ---p 00000000 00:00 0 
7f2d8c000000-7f2d8c086000 rw-p 00000000 00:00 0 
7f2d8c086000-7f2d90000000 ---p 00000000 00:00 0 
7f2d90000000-7f2d900ca000 rw-p 00000000 00:00 0 
7f2d900ca000-7f2d94000000 ---p 00000000 00:00 0 
7f2d94000000-7f2d940f1000 rw-p 00000000 00:00 0 
7f2d940f1000-7f2d98000000 ---p 00000000 00:00 0 
7f2d98000000-7f2d98064000 rw-p 00000000 00:00 0 
7f2d98064000-7f2d9c000000 ---p 00000000 00:00 0 
7f2d9c000000-7f2d9c3c4000 rw-p 00000000 00:00 0 
7f2d9c3c4000-7f2da0000000 ---p 00000000 00:00 0 
7f2da1fe6000-7f2da20e6000 rw-p 00000000 00:00 0 
7f2da20e6000-7f2da21e6000 ---p 00000000 00:00 0 
7f2da21e6000-7f2da23e6000 rw-p 00000000 00:00 0 
7f2da23e6000-7f2da23e9000 ---p 00000000 00:00 0 
7f2da23e9000-7f2da24e7000 rw-p 00000000 00:00 0 
7f2da24e7000-7f2da24ea000 ---p 00000000 00:00 0 
7f2da24ea000-7f2da25e8000 rw-p 00000000 00:00 0 
7f2da25e8000-7f2da25eb000 ---p 00000000 00:00 0 
7f2da25eb000-7f2da26e9000 rw-p 00000000 00:00 0 
7f2da26e9000-7f2da26ec000 ---p 00000000 00:00 0 
7f2da26ec000-7f2da27ea000 rw-p 00000000 00:00 0 
7f2da27ea000-7f2da27ed000 ---p 00000000 00:00 0 
7f2da27ed000-7f2da28eb000 rw-p 00000000 00:00 0 
7f2da28eb000-7f2da28ee000 ---p 00000000 00:00 0 
7f2da28ee000-7f2da29ec000 rw-p 00000000 00:00 0 
7f2da29ec000-7f2da29ef000 ---p 00000000 00:00 0 
7f2da29ef000-7f2da2aed000 rw-p 00000000 00:00 0 
7f2da2aed000-7f2da2af0000 ---p 00000000 00:00 0 
7f2da2af0000-7f2da2bee000 rw-p 00000000 00:00 0 
7f2da2bee000-7f2da2bf1000 ---p 00000000 00:00 0 
7f2da2bf1000-7f2da2cef000 rw-p 00000000 00:00 0 
7f2da2cef000-7f2da2cf2000 ---p 00000000 00:00 0 
7f2da2cf2000-7f2da2df0000 rw-p 00000000 00:00 0 
7f2da2df0000-7f2da2df3000 ---p 00000000 00:00 0 
7f2da2df3000-7f2da2ef1000 rw-p 00000000 00:00 0 
7f2da2ef1000-7f2da2ef4000 ---p 00000000 00:00 0 
7f2da2ef4000-7f2da2ff2000 rw-p 00000000 00:00 0 
7f2da2ff2000-7f2da2ff5000 ---p 00000000 00:00 0 
7f2da2ff5000-7f2da30f3000 rw-p 00000000 00:00 0 
7f2da30f3000-7f2da30f6000 ---p 00000000 00:00 0 
7f2da30f6000-7f2da31f4000 rw-p 00000000 00:00 0 
7f2da31f4000-7f2da31f7000 ---p 00000000 00:00 0 
7f2da31f7000-7f2da32f5000 rw-p 00000000 00:00 0 
7f2da32f5000-7f2da32f8000 ---p 00000000 00:00 0 
7f2da32f8000-7f2da33f6000 rw-p 00000000 00:00 0 
7f2da33f6000-7f2da33f9000 ---p 00000000 00:00 0 
7f2da33f9000-7f2da34f7000 rw-p 00000000 00:00 0 
7f2da34f7000-7f2da34fa000 ---p 00000000 00:00 0 
7f2da34fa000-7f2da35f8000 rw-p 00000000 00:00 0 
7f2da35f8000-7f2da35fb000 ---p 00000000 00:00 0 
7f2da35fb000-7f2da38f9000 rw-p 00000000 00:00 0 
7f2da38f9000-7f2da38fc000 ---p 00000000 00:00 0 
7f2da38fc000-7f2da39fa000 rw-p 00000000 00:00 0 
7f2da39fa000-7f2da39fd000 ---p 00000000 00:00 0 
7f2da39fd000-7f2da3afb000 rw-p 00000000 00:00 0 
7f2da3afb000-7f2da3afe000 ---p 00000000 00:00 0 
7f2da3afe000-7f2da3bfc000 rw-p 00000000 00:00 0 
7f2da3bfc000-7f2da3bff000 ---p 00000000 00:00 0 
7f2da3bff000-7f2da3cfd000 rw-p 00000000 00:00 0 
7f2da3cfd000-7f2da3d00000 ---p 00000000 00:00 0 
7f2da3d00000-7f2da3dfe000 rw-p 00000000 00:00 0 
7f2da3dfe000-7f2da3e01000 ---p 00000000 00:00 0 
7f2da3e01000-7f2da3eff000 rw-p 00000000 00:00 0 
7f2da3eff000-7f2da3f02000 ---p 00000000 00:00 0 
7f2da3f02000-7f2da4000000 rw-p 00000000 00:00 0 
7f2da4000000-7f2da4021000 rw-p 00000000 00:00 0 
7f2da4021000-7f2da8000000 ---p 00000000 00:00 0 
7f2da8000000-7f2da8021000 rw-p 00000000 00:00 0 
7f2da8021000-7f2dac000000 ---p 00000000 00:00 0 
7f2dac000000-7f2dac021000 rw-p 00000000 00:00 0 
7f2dac021000-7f2db0000000 ---p 00000000 00:00 0 
7f2db0000000-7f2db0021000 rw-p 00000000 00:00 0 
7f2db0021000-7f2db4000000 ---p 00000000 00:00 0 
7f2db4000000-7f2db4021000 rw-p 00000000 00:00 0 
7f2db4021000-7f2db8000000 ---p 00000000 00:00 0 
7f2db8000000-7f2db8021000 rw-p 00000000 00:00 0 
7f2db8021000-7f2dbc000000 ---p 00000000 00:00 0 
7f2dbc000000-7f2dbc021000 rw-p 00000000 00:00 0 
7f2dbc021000-7f2dc0000000 ---p 00000000 00:00 0 
7f2dc0000000-7f2dc006f000 rw-p 00000000 00:00 0 
7f2dc006f000-7f2dc4000000 ---p 00000000 00:00 0 
7f2dc4000000-7f2dc4021000 rw-p 00000000 00:00 0 
7f2dc4021000-7f2dc8000000 ---p 00000000 00:00 0 
7f2dc8000000-7f2dc8021000 rw-p 00000000 00:00 0 
7f2dc8021000-7f2dcc000000 ---p 00000000 00:00 0 
7f2dcc000000-7f2dcc021000 rw-p 00000000 00:00 0 
7f2dcc021000-7f2dd0000000 ---p 00000000 00:00 0 
7f2dd0000000-7f2dd0021000 rw-p 00000000 00:00 0 
7f2dd0021000-7f2dd4000000 ---p 00000000 00:00 0 
7f2dd4000000-7f2dd4021000 rw-p 00000000 00:00 0 
7f2dd4021000-7f2dd8000000 ---p 00000000 00:00 0 
7f2dd8000000-7f2dd8021000 rw-p 00000000 00:00 0 
7f2dd8021000-7f2ddc000000 ---p 00000000 00:00 0 
7f2ddc0ef000-7f2ddc0f2000 ---p 00000000 00:00 0 
7f2ddc0f2000-7f2ddc1f0000 rw-p 00000000 00:00 0 
7f2ddc1f0000-7f2ddc1f3000 ---p 00000000 00:00 0 
7f2ddc1f3000-7f2ddc2f1000 rw-p 00000000 00:00 0 
7f2ddc2f1000-7f2ddc2f4000 ---p 00000000 00:00 0 
7f2ddc2f4000-7f2ddc3f2000 rw-p 00000000 00:00 0 
7f2ddc3f2000-7f2ddc3f5000 ---p 00000000 00:00 0 
7f2ddc3f5000-7f2ddc4f3000 rw-p 00000000 00:00 0 
7f2ddc4f3000-7f2ddc4f6000 ---p 00000000 00:00 0 
7f2ddc4f6000-7f2ddc5f4000 rw-p 00000000 00:00 0 
7f2ddc5f4000-7f2ddc5f7000 ---p 00000000 00:00 0 
7f2ddc5f7000-7f2ddc6f5000 rw-p 00000000 00:00 0 
7f2ddc6f5000-7f2ddc6f8000 ---p 00000000 00:00 0 
7f2ddc6f8000-7f2ddc7f6000 rw-p 00000000 00:00 0 
7f2ddc7f6000-7f2ddc7f9000 ---p 00000000 00:00 0 
7f2ddc7f9000-7f2ddc8f7000 rw-p 00000000 00:00 0 
7f2ddc8f7000-7f2ddc8fa000 ---p 00000000 00:00 0 
7f2ddc8fa000-7f2ddc9f8000 rw-p 00000000 00:00 0 
7f2ddc9f8000-7f2ddc9fb000 ---p 00000000 00:00 0 
7f2ddc9fb000-7f2ddcaf9000 rw-p 00000000 00:00 0 
7f2ddcaf9000-7f2ddcafc000 ---p 00000000 00:00 0 
7f2ddcafc000-7f2ddcbfa000 rw-p 00000000 00:00 0 
7f2ddcbfa000-7f2ddcbfd000 ---p 00000000 00:00 0 
7f2ddcbfd000-7f2ddccfb000 rw-p 00000000 00:00 0 
7f2ddccfb000-7f2ddccfe000 ---p 00000000 00:00 0 
7f2ddccfe000-7f2ddcff2000 rw-p 00000000 00:00 0 
7f2ddcff2000-7f2ddcffc000 ---p 00000000 00:00 0 
7f2ddcffc000-7f2ddd1fc000 rw-p 00000000 00:00 0 
7f2ddd1fc000-7f2ddd3fc000 rw-p 00000000 00:00 0 
7f2ddd3fc000-7f2ddd3ff000 ---p 00000000 00:00 0 
7f2ddd3ff000-7f2ddd6fd000 rw-p 00000000 00:00 0 
7f2ddd6fd000-7f2ddd8fd000 rw-p 00000000 00:00 0 
7f2ddd8fd000-7f2ddd900000 ---p 00000000 00:00 0 
7f2ddd900000-7f2ddd9fe000 rw-p 00000000 00:00 0 
7f2ddd9fe000-7f2ddda0f000 r--s 001bf000 fc:01 262906                     /usr/lib/jvm/java-8-openjdk-amd64/jre/lib/jsse.jar
7f2ddda0f000-7f2dddc0f000 rw-p 00000000 00:00 0 
7f2dddc0f000-7f2ddec0f000 r--s 00000000 fc:01 1821649                    /tmp/GeoTools/Databases/HSQL/v8.6.0.1/EPSG.data
7f2ddec0f000-7f2ddee0f000 rw-p 00000000 00:00 0 
7f2ddee0f000-7f2ddf00f000 rw-p 00000000 00:00 0 
7f2ddf00f000-7f2ddf012000 ---p 00000000 00:00 0 
7f2ddf012000-7f2ddf310000 rw-p 00000000 00:00 0 
7f2ddf310000-7f2ddf317000 r-xp 00000000 fc:01 261104                     /usr/lib/jvm/java-8-openjdk-amd64/jre/lib/amd64/libawt_headless.so
7f2ddf317000-7f2ddf516000 ---p 00007000 fc:01 261104                     /usr/lib/jvm/java-8-openjdk-amd64/jre/lib/amd64/libawt_headless.so
7f2ddf516000-7f2ddf517000 r--p 00006000 fc:01 261104                     /usr/lib/jvm/java-8-openjdk-amd64/jre/lib/amd64/libawt_headless.so
7f2ddf517000-7f2ddf518000 rw-p 00007000 fc:01 261104                     /usr/lib/jvm/java-8-openjdk-amd64/jre/lib/amd64/libawt_headless.so
7f2ddf518000-7f2ddf5b7000 r-xp 00000000 fc:01 261103                     /usr/lib/jvm/java-8-openjdk-amd64/jre/lib/amd64/libawt.so
7f2ddf5b7000-7f2ddf7b6000 ---p 0009f000 fc:01 261103                     /usr/lib/jvm/java-8-openjdk-amd64/jre/lib/amd64/libawt.so
7f2ddf7b6000-7f2ddf7b7000 r--p 0009e000 fc:01 261103                     /usr/lib/jvm/java-8-openjdk-amd64/jre/lib/amd64/libawt.so
7f2ddf7b7000-7f2ddf7c2000 rw-p 0009f000 fc:01 261103                     /usr/lib/jvm/java-8-openjdk-amd64/jre/lib/amd64/libawt.so
7f2ddf7c2000-7f2ddf9e7000 rw-p 00000000 00:00 0 
7f2ddf9e7000-7f2ddfbe7000 rw-p 00000000 00:00 0 
7f2ddfbe7000-7f2ddfde7000 rw-p 00000000 00:00 0 
7f2ddfde7000-7f2ddfdff000 r-xp 00000000 fc:01 261764                     /usr/lib/jvm/java-8-openjdk-amd64/jre/lib/amd64/libnet.so
7f2ddfdff000-7f2ddfffe000 ---p 00018000 fc:01 261764                     /usr/lib/jvm/java-8-openjdk-amd64/jre/lib/amd64/libnet.so
7f2ddfffe000-7f2ddffff000 r--p 00017000 fc:01 261764                     /usr/lib/jvm/java-8-openjdk-amd64/jre/lib/amd64/libnet.so
7f2ddffff000-7f2de0000000 rw-p 00018000 fc:01 261764                     /usr/lib/jvm/java-8-openjdk-amd64/jre/lib/amd64/libnet.so
7f2de0000000-7f2de15c4000 rw-p 00000000 00:00 0 
7f2de15c4000-7f2de4000000 ---p 00000000 00:00 0 
7f2de4000000-7f2de4021000 rw-p 00000000 00:00 0 
7f2de4021000-7f2de8000000 ---p 00000000 00:00 0 
7f2de8000000-7f2dea09d000 rw-p 00000000 00:00 0 
7f2dea09d000-7f2dec000000 ---p 00000000 00:00 0 
7f2dec000000-7f2deca60000 rw-p 00000000 00:00 0 
7f2deca60000-7f2df0000000 ---p 00000000 00:00 0 
7f2df0000000-7f2df0021000 rw-p 00000000 00:00 0 
7f2df0021000-7f2df4000000 ---p 00000000 00:00 0 
7f2df4000000-7f2df5713000 rw-p 00000000 00:00 0 
7f2df5713000-7f2df8000000 ---p 00000000 00:00 0 
7f2df8000000-7f2df8021000 rw-p 00000000 00:00 0 
7f2df8021000-7f2dfc000000 ---p 00000000 00:00 0 
7f2dfc000000-7f2dfc021000 rw-p 00000000 00:00 0 
7f2dfc021000-7f2e00000000 ---p 00000000 00:00 0 
7f2e00000000-7f2e02881000 rw-p 00000000 00:00 0 
7f2e02881000-7f2e04000000 ---p 00000000 00:00 0 
7f2e04000000-7f2e04172000 rw-p 00000000 00:00 0 
7f2e04172000-7f2e08000000 ---p 00000000 00:00 0 
7f2e08000000-7f2e092dd000 rw-p 00000000 00:00 0 
7f2e092dd000-7f2e0c000000 ---p 00000000 00:00 0 
7f2e0c000000-7f2e0c983000 rw-p 00000000 00:00 0 
7f2e0c983000-7f2e10000000 ---p 00000000 00:00 0 
7f2e10000000-7f2e10995000 rw-p 00000000 00:00 0 
7f2e10995000-7f2e14000000 ---p 00000000 00:00 0 
7f2e14000000-7f2e14984000 rw-p 00000000 00:00 0 
7f2e14984000-7f2e18000000 ---p 00000000 00:00 0 
7f2e18000000-7f2e18f2b000 rw-p 00000000 00:00 0 
7f2e18f2b000-7f2e1c000000 ---p 00000000 00:00 0 
7f2e1c000000-7f2e1d2db000 rw-p 00000000 00:00 0 
7f2e1d2db000-7f2e20000000 ---p 00000000 00:00 0 
7f2e20000000-7f2e20f48000 rw-p 00000000 00:00 0 
7f2e20f48000-7f2e24000000 ---p 00000000 00:00 0 
7f2e2400b000-7f2e2401d000 r-xp 00000000 fc:01 262765                     /usr/lib/jvm/java-8-openjdk-amd64/jre/lib/amd64/libnio.so
7f2e2401d000-7f2e2421c000 ---p 00012000 fc:01 262765                     /usr/lib/jvm/java-8-openjdk-amd64/jre/lib/amd64/libnio.so
7f2e2421c000-7f2e2421d000 r--p 00011000 fc:01 262765                     /usr/lib/jvm/java-8-openjdk-amd64/jre/lib/amd64/libnio.so
7f2e2421d000-7f2e2421e000 rw-p 00012000 fc:01 262765                     /usr/lib/jvm/java-8-openjdk-amd64/jre/lib/amd64/libnio.so
7f2e2421e000-7f2e245b0000 r--s 03768000 fc:01 2064580                    /home/mayijun/TRAVELSHED/otp/otpwt2/otp-1.4.0-shaded.jar
7f2e245b0000-7f2e245b4000 r--s 00040000 fc:01 262891                     /usr/lib/jvm/java-8-openjdk-amd64/jre/lib/ext/sunpkcs11.jar
7f2e245b4000-7f2e245b6000 r--s 00001000 fc:01 262884                     /usr/lib/jvm/java-8-openjdk-amd64/jre/lib/ext/dnsns.jar
7f2e245b6000-7f2e245bc000 r--s 0003d000 fc:01 262890                     /usr/lib/jvm/java-8-openjdk-amd64/jre/lib/ext/sunjce_provider.jar
7f2e245bc000-7f2e245d7000 r--s 001d6000 fc:01 262888                     /usr/lib/jvm/java-8-openjdk-amd64/jre/lib/ext/nashorn.jar
7f2e245d7000-7f2e245d8000 ---p 00000000 00:00 0 
7f2e245d8000-7f2e246d8000 rw-p 00000000 00:00 0 
7f2e246d8000-7f2e246db000 ---p 00000000 00:00 0 
7f2e246db000-7f2e247d9000 rw-p 00000000 00:00 0 
7f2e247d9000-7f2e247da000 ---p 00000000 00:00 0 
7f2e247da000-7f2e247dd000 ---p 00000000 00:00 0 
7f2e247dd000-7f2e248da000 rw-p 00000000 00:00 0 
7f2e248da000-7f2e248db000 ---p 00000000 00:00 0 
7f2e248db000-7f2e248de000 ---p 00000000 00:00 0 
7f2e248de000-7f2e249db000 rw-p 00000000 00:00 0 
7f2e249db000-7f2e249dc000 ---p 00000000 00:00 0 
7f2e249dc000-7f2e249df000 ---p 00000000 00:00 0 
7f2e249df000-7f2e24adc000 rw-p 00000000 00:00 0 
7f2e24adc000-7f2e24add000 ---p 00000000 00:00 0 
7f2e24add000-7f2e24ae0000 ---p 00000000 00:00 0 
7f2e24ae0000-7f2e24bdd000 rw-p 00000000 00:00 0 
7f2e24bdd000-7f2e24be0000 ---p 00000000 00:00 0 
7f2e24be0000-7f2e24cde000 rw-p 00000000 00:00 0 
7f2e24cde000-7f2e24d0f000 r--p 00000000 fc:01 10964                      /usr/lib/locale/C.UTF-8/LC_CTYPE
7f2e24d0f000-7f2e24e82000 r--p 00000000 fc:01 10963                      /usr/lib/locale/C.UTF-8/LC_COLLATE
7f2e24e82000-7f2e2501d000 r--p 00000000 fc:01 4260                       /usr/lib/locale/locale-archive
7f2e2501d000-7f2e25020000 ---p 00000000 00:00 0 
7f2e25020000-7f2e2511e000 rw-p 00000000 00:00 0 
7f2e2511e000-7f2e25121000 ---p 00000000 00:00 0 
7f2e25121000-7f2e2521f000 rw-p 00000000 00:00 0 
7f2e2521f000-7f2e25220000 ---p 00000000 00:00 0 
7f2e25220000-7f2e26e3b000 rw-p 00000000 00:00 0 
7f2e26e3b000-7f2e2700c000 r--s 03ca5000 fc:01 262911                     /usr/lib/jvm/java-8-openjdk-amd64/jre/lib/rt.jar
7f2e2700c000-7f2e5a9ec000 rw-p 00000000 00:00 0 
7f2e5a9ec000-7f2e5a9ed000 ---p 00000000 00:00 0 
7f2e5a9ed000-7f2e5aaed000 rw-p 00000000 00:00 0 
7f2e5aaed000-7f2e5aaee000 ---p 00000000 00:00 0 
7f2e5aaee000-7f2e5abee000 rw-p 00000000 00:00 0 
7f2e5abee000-7f2e5abef000 ---p 00000000 00:00 0 
7f2e5abef000-7f2e5acef000 rw-p 00000000 00:00 0 
7f2e5acef000-7f2e5acf0000 ---p 00000000 00:00 0 
7f2e5acf0000-7f2e5adf0000 rw-p 00000000 00:00 0 
7f2e5adf0000-7f2e5adf1000 ---p 00000000 00:00 0 
7f2e5adf1000-7f2e5aef1000 rw-p 00000000 00:00 0 
7f2e5aef1000-7f2e5aef2000 ---p 00000000 00:00 0 
7f2e5aef2000-7f2e5aff2000 rw-p 00000000 00:00 0 
7f2e5aff2000-7f2e5aff3000 ---p 00000000 00:00 0 
7f2e5aff3000-7f2e5b0f3000 rw-p 00000000 00:00 0 
7f2e5b0f3000-7f2e5b0f4000 ---p 00000000 00:00 0 
7f2e5b0f4000-7f2e5c180000 rw-p 00000000 00:00 0 
7f2e5c180000-7f2e5d1f4000 ---p 00000000 00:00 0 
7f2e5d1f4000-7f2e5e180000 rw-p 00000000 00:00 0 
7f2e5e180000-7f2e5f1f4000 ---p 00000000 00:00 0 
7f2e5f1f4000-7f2e5fcc7000 rw-p 00000000 00:00 0 
7f2e5fcc7000-7f2e601f4000 ---p 00000000 00:00 0 
7f2e601f4000-7f2e60238000 rw-p 00000000 00:00 0 
7f2e60238000-7f2e605b5000 ---p 00000000 00:00 0 
7f2e605b5000-7f2e61665000 rwxp 00000000 00:00 0 
7f2e61665000-7f2e6f5b5000 ---p 00000000 00:00 0 
7f2e6f5b5000-7f2e6f5bd000 r-xp 00000000 fc:01 262871                     /usr/lib/jvm/java-8-openjdk-amd64/jre/lib/amd64/libzip.so
7f2e6f5bd000-7f2e6f7bc000 ---p 00008000 fc:01 262871                     /usr/lib/jvm/java-8-openjdk-amd64/jre/lib/amd64/libzip.so
7f2e6f7bc000-7f2e6f7bd000 r--p 00007000 fc:01 262871                     /usr/lib/jvm/java-8-openjdk-amd64/jre/lib/amd64/libzip.so
7f2e6f7bd000-7f2e6f7be000 rw-p 00008000 fc:01 262871                     /usr/lib/jvm/java-8-openjdk-amd64/jre/lib/amd64/libzip.so
7f2e6f7be000-7f2e6f7c9000 r-xp 00000000 fc:01 4003                       /lib/x86_64-linux-gnu/libnss_files-2.27.so
7f2e6f7c9000-7f2e6f9c8000 ---p 0000b000 fc:01 4003                       /lib/x86_64-linux-gnu/libnss_files-2.27.so
7f2e6f9c8000-7f2e6f9c9000 r--p 0000a000 fc:01 4003                       /lib/x86_64-linux-gnu/libnss_files-2.27.so
7f2e6f9c9000-7f2e6f9ca000 rw-p 0000b000 fc:01 4003                       /lib/x86_64-linux-gnu/libnss_files-2.27.so
7f2e6f9ca000-7f2e6f9d0000 rw-p 00000000 00:00 0 
7f2e6f9d0000-7f2e6f9e7000 r-xp 00000000 fc:01 4000                       /lib/x86_64-linux-gnu/libnsl-2.27.so
7f2e6f9e7000-7f2e6fbe6000 ---p 00017000 fc:01 4000                       /lib/x86_64-linux-gnu/libnsl-2.27.so
7f2e6fbe6000-7f2e6fbe7000 r--p 00016000 fc:01 4000                       /lib/x86_64-linux-gnu/libnsl-2.27.so
7f2e6fbe7000-7f2e6fbe8000 rw-p 00017000 fc:01 4000                       /lib/x86_64-linux-gnu/libnsl-2.27.so
7f2e6fbe8000-7f2e6fbea000 rw-p 00000000 00:00 0 
7f2e6fbea000-7f2e6fbf5000 r-xp 00000000 fc:01 4005                       /lib/x86_64-linux-gnu/libnss_nis-2.27.so
7f2e6fbf5000-7f2e6fdf4000 ---p 0000b000 fc:01 4005                       /lib/x86_64-linux-gnu/libnss_nis-2.27.so
7f2e6fdf4000-7f2e6fdf5000 r--p 0000a000 fc:01 4005                       /lib/x86_64-linux-gnu/libnss_nis-2.27.so
7f2e6fdf5000-7f2e6fdf6000 rw-p 0000b000 fc:01 4005                       /lib/x86_64-linux-gnu/libnss_nis-2.27.so
7f2e6fdf6000-7f2e6fdfe000 r-xp 00000000 fc:01 4001                       /lib/x86_64-linux-gnu/libnss_compat-2.27.so
7f2e6fdfe000-7f2e6fffe000 ---p 00008000 fc:01 4001                       /lib/x86_64-linux-gnu/libnss_compat-2.27.so
7f2e6fffe000-7f2e6ffff000 r--p 00008000 fc:01 4001                       /lib/x86_64-linux-gnu/libnss_compat-2.27.so
7f2e6ffff000-7f2e70000000 rw-p 00009000 fc:01 4001                       /lib/x86_64-linux-gnu/libnss_compat-2.27.so
7f2e70000000-7f2e70fbb000 rw-p 00000000 00:00 0 
7f2e70fbb000-7f2e74000000 ---p 00000000 00:00 0 
7f2e74000000-7f2e7400b000 r--s 00116000 fc:01 262887                     /usr/lib/jvm/java-8-openjdk-amd64/jre/lib/ext/localedata.jar
7f2e7400b000-7f2e74026000 r--s 00394000 fc:01 262883                     /usr/lib/jvm/java-8-openjdk-amd64/jre/lib/ext/cldrdata.jar
7f2e74026000-7f2e74074000 rw-p 00000000 00:00 0 
7f2e74074000-7f2e7409e000 r-xp 00000000 fc:01 261753                     /usr/lib/jvm/java-8-openjdk-amd64/jre/lib/amd64/libjava.so
7f2e7409e000-7f2e7429e000 ---p 0002a000 fc:01 261753                     /usr/lib/jvm/java-8-openjdk-amd64/jre/lib/amd64/libjava.so
7f2e7429e000-7f2e7429f000 r--p 0002a000 fc:01 261753                     /usr/lib/jvm/java-8-openjdk-amd64/jre/lib/amd64/libjava.so
7f2e7429f000-7f2e742a1000 rw-p 0002b000 fc:01 261753                     /usr/lib/jvm/java-8-openjdk-amd64/jre/lib/amd64/libjava.so
7f2e742a1000-7f2e742b1000 r-xp 00000000 fc:01 262870                     /usr/lib/jvm/java-8-openjdk-amd64/jre/lib/amd64/libverify.so
7f2e742b1000-7f2e744b0000 ---p 00010000 fc:01 262870                     /usr/lib/jvm/java-8-openjdk-amd64/jre/lib/amd64/libverify.so
7f2e744b0000-7f2e744b2000 r--p 0000f000 fc:01 262870                     /usr/lib/jvm/java-8-openjdk-amd64/jre/lib/amd64/libverify.so
7f2e744b2000-7f2e744b3000 rw-p 00011000 fc:01 262870                     /usr/lib/jvm/java-8-openjdk-amd64/jre/lib/amd64/libverify.so
7f2e744b3000-7f2e744ba000 r-xp 00000000 fc:01 4010                       /lib/x86_64-linux-gnu/librt-2.27.so
7f2e744ba000-7f2e746b9000 ---p 00007000 fc:01 4010                       /lib/x86_64-linux-gnu/librt-2.27.so
7f2e746b9000-7f2e746ba000 r--p 00006000 fc:01 4010                       /lib/x86_64-linux-gnu/librt-2.27.so
7f2e746ba000-7f2e746bb000 rw-p 00007000 fc:01 4010                       /lib/x86_64-linux-gnu/librt-2.27.so
7f2e746bb000-7f2e746d2000 r-xp 00000000 fc:01 28992                      /lib/x86_64-linux-gnu/libgcc_s.so.1
7f2e746d2000-7f2e748d1000 ---p 00017000 fc:01 28992                      /lib/x86_64-linux-gnu/libgcc_s.so.1
7f2e748d1000-7f2e748d2000 r--p 00016000 fc:01 28992                      /lib/x86_64-linux-gnu/libgcc_s.so.1
7f2e748d2000-7f2e748d3000 rw-p 00017000 fc:01 28992                      /lib/x86_64-linux-gnu/libgcc_s.so.1
7f2e748d3000-7f2e74a70000 r-xp 00000000 fc:01 3997                       /lib/x86_64-linux-gnu/libm-2.27.so
7f2e74a70000-7f2e74c6f000 ---p 0019d000 fc:01 3997                       /lib/x86_64-linux-gnu/libm-2.27.so
7f2e74c6f000-7f2e74c70000 r--p 0019c000 fc:01 3997                       /lib/x86_64-linux-gnu/libm-2.27.so
7f2e74c70000-7f2e74c71000 rw-p 0019d000 fc:01 3997                       /lib/x86_64-linux-gnu/libm-2.27.so
7f2e74c71000-7f2e74dea000 r-xp 00000000 fc:01 4437                       /usr/lib/x86_64-linux-gnu/libstdc++.so.6.0.25
7f2e74dea000-7f2e74fea000 ---p 00179000 fc:01 4437                       /usr/lib/x86_64-linux-gnu/libstdc++.so.6.0.25
7f2e74fea000-7f2e74ff4000 r--p 00179000 fc:01 4437                       /usr/lib/x86_64-linux-gnu/libstdc++.so.6.0.25
7f2e74ff4000-7f2e74ff6000 rw-p 00183000 fc:01 4437                       /usr/lib/x86_64-linux-gnu/libstdc++.so.6.0.25
7f2e74ff6000-7f2e74ffa000 rw-p 00000000 00:00 0 
7f2e74ffa000-7f2e75d6a000 r-xp 00000000 fc:01 262874                     /usr/lib/jvm/java-8-openjdk-amd64/jre/lib/amd64/server/libjvm.so
7f2e75d6a000-7f2e75f69000 ---p 00d70000 fc:01 262874                     /usr/lib/jvm/java-8-openjdk-amd64/jre/lib/amd64/server/libjvm.so
7f2e75f69000-7f2e75fff000 r--p 00d6f000 fc:01 262874                     /usr/lib/jvm/java-8-openjdk-amd64/jre/lib/amd64/server/libjvm.so
7f2e75fff000-7f2e76028000 rw-p 00e05000 fc:01 262874                     /usr/lib/jvm/java-8-openjdk-amd64/jre/lib/amd64/server/libjvm.so
7f2e76028000-7f2e7605b000 rw-p 00000000 00:00 0 
7f2e7605b000-7f2e76075000 r-xp 00000000 fc:01 4008                       /lib/x86_64-linux-gnu/libpthread-2.27.so
7f2e76075000-7f2e76274000 ---p 0001a000 fc:01 4008                       /lib/x86_64-linux-gnu/libpthread-2.27.so
7f2e76274000-7f2e76275000 r--p 00019000 fc:01 4008                       /lib/x86_64-linux-gnu/libpthread-2.27.so
7f2e76275000-7f2e76276000 rw-p 0001a000 fc:01 4008                       /lib/x86_64-linux-gnu/libpthread-2.27.so
7f2e76276000-7f2e7627a000 rw-p 00000000 00:00 0 
7f2e7627a000-7f2e7627d000 r-xp 00000000 fc:01 3996                       /lib/x86_64-linux-gnu/libdl-2.27.so
7f2e7627d000-7f2e7647c000 ---p 00003000 fc:01 3996                       /lib/x86_64-linux-gnu/libdl-2.27.so
7f2e7647c000-7f2e7647d000 r--p 00002000 fc:01 3996                       /lib/x86_64-linux-gnu/libdl-2.27.so
7f2e7647d000-7f2e7647e000 rw-p 00003000 fc:01 3996                       /lib/x86_64-linux-gnu/libdl-2.27.so
7f2e7647e000-7f2e7649a000 r-xp 00000000 fc:01 2179                       /lib/x86_64-linux-gnu/libz.so.1.2.11
7f2e7649a000-7f2e76699000 ---p 0001c000 fc:01 2179                       /lib/x86_64-linux-gnu/libz.so.1.2.11
7f2e76699000-7f2e7669a000 r--p 0001b000 fc:01 2179                       /lib/x86_64-linux-gnu/libz.so.1.2.11
7f2e7669a000-7f2e7669b000 rw-p 0001c000 fc:01 2179                       /lib/x86_64-linux-gnu/libz.so.1.2.11
7f2e7669b000-7f2e76882000 r-xp 00000000 fc:01 3993                       /lib/x86_64-linux-gnu/libc-2.27.so
7f2e76882000-7f2e76a82000 ---p 001e7000 fc:01 3993                       /lib/x86_64-linux-gnu/libc-2.27.so
7f2e76a82000-7f2e76a86000 r--p 001e7000 fc:01 3993                       /lib/x86_64-linux-gnu/libc-2.27.so
7f2e76a86000-7f2e76a88000 rw-p 001eb000 fc:01 3993                       /lib/x86_64-linux-gnu/libc-2.27.so
7f2e76a88000-7f2e76a8c000 rw-p 00000000 00:00 0 
7f2e76a8c000-7f2e76a9a000 r-xp 00000000 fc:01 261100                     /usr/lib/jvm/java-8-openjdk-amd64/jre/lib/amd64/jli/libjli.so
7f2e76a9a000-7f2e76c99000 ---p 0000e000 fc:01 261100                     /usr/lib/jvm/java-8-openjdk-amd64/jre/lib/amd64/jli/libjli.so
7f2e76c99000-7f2e76c9a000 r--p 0000d000 fc:01 261100                     /usr/lib/jvm/java-8-openjdk-amd64/jre/lib/amd64/jli/libjli.so
7f2e76c9a000-7f2e76c9b000 rw-p 0000e000 fc:01 261100                     /usr/lib/jvm/java-8-openjdk-amd64/jre/lib/amd64/jli/libjli.so
7f2e76c9b000-7f2e76cc4000 r-xp 00000000 fc:01 3985                       /lib/x86_64-linux-gnu/ld-2.27.so
7f2e76cc5000-7f2e76cc8000 r--s 0000f000 fc:01 262885                     /usr/lib/jvm/java-8-openjdk-amd64/jre/lib/ext/icedtea-sound.jar
7f2e76cc8000-7f2e76cc9000 r--s 0000a000 fc:01 262886                     /usr/lib/jvm/java-8-openjdk-amd64/jre/lib/ext/jaccess.jar
7f2e76cc9000-7f2e76ccb000 r--s 00010000 fc:01 262892                     /usr/lib/jvm/java-8-openjdk-amd64/jre/lib/ext/zipfs.jar
7f2e76ccb000-7f2e76ccd000 r--s 00008000 fc:01 262889                     /usr/lib/jvm/java-8-openjdk-amd64/jre/lib/ext/sunec.jar
7f2e76ccd000-7f2e76cd3000 r--s 000d3000 fc:01 262905                     /usr/lib/jvm/java-8-openjdk-amd64/jre/lib/jfr.jar
7f2e76cd3000-7f2e76cd4000 r--p 00000000 fc:01 10978                      /usr/lib/locale/C.UTF-8/LC_NUMERIC
7f2e76cd4000-7f2e76cd5000 r--p 00000000 fc:01 10981                      /usr/lib/locale/C.UTF-8/LC_TIME
7f2e76cd5000-7f2e76cd6000 r--p 00000000 fc:01 10976                      /usr/lib/locale/C.UTF-8/LC_MONETARY
7f2e76cd6000-7f2e76cd7000 r--p 00000000 fc:01 10975                      /usr/lib/locale/C.UTF-8/LC_MESSAGES/SYS_LC_MESSAGES
7f2e76cd7000-7f2e76cd8000 r--p 00000000 fc:01 10979                      /usr/lib/locale/C.UTF-8/LC_PAPER
7f2e76cd8000-7f2e76cd9000 r--p 00000000 fc:01 10977                      /usr/lib/locale/C.UTF-8/LC_NAME
7f2e76cd9000-7f2e76cda000 r--p 00000000 fc:01 10962                      /usr/lib/locale/C.UTF-8/LC_ADDRESS
7f2e76cda000-7f2e76cdb000 r--p 00000000 fc:01 10980                      /usr/lib/locale/C.UTF-8/LC_TELEPHONE
7f2e76cdb000-7f2e76cdc000 r--p 00000000 fc:01 10966                      /usr/lib/locale/C.UTF-8/LC_MEASUREMENT
7f2e76cdc000-7f2e76ce3000 r--s 00000000 fc:01 4872                       /usr/lib/x86_64-linux-gnu/gconv/gconv-modules.cache
7f2e76ce3000-7f2e76db4000 rw-p 00000000 00:00 0 
7f2e76db4000-7f2e76db5000 ---p 00000000 00:00 0 
7f2e76db5000-7f2e76db8000 ---p 00000000 00:00 0 
7f2e76db8000-7f2e76eb7000 rw-p 00000000 00:00 0 
7f2e76eb7000-7f2e76eb8000 r--p 00000000 fc:01 10965                      /usr/lib/locale/C.UTF-8/LC_IDENTIFICATION
7f2e76eb8000-7f2e76ec0000 rw-s 00000000 fc:01 1821820                    /tmp/hsperfdata_mayijun/4553
7f2e76ec0000-7f2e76ec1000 rw-p 00000000 00:00 0 
7f2e76ec1000-7f2e76ec2000 ---p 00000000 00:00 0 
7f2e76ec2000-7f2e76ec4000 rw-p 00000000 00:00 0 
7f2e76ec4000-7f2e76ec5000 r--p 00029000 fc:01 3985                       /lib/x86_64-linux-gnu/ld-2.27.so
7f2e76ec5000-7f2e76ec6000 rw-p 0002a000 fc:01 3985                       /lib/x86_64-linux-gnu/ld-2.27.so
7f2e76ec6000-7f2e76ec7000 rw-p 00000000 00:00 0 
7fff0c0be000-7fff0c0df000 rw-p 00000000 00:00 0                          [stack]
7fff0c160000-7fff0c163000 r--p 00000000 00:00 0                          [vvar]
7fff0c163000-7fff0c165000 r-xp 00000000 00:00 0                          [vdso]
ffffffffff600000-ffffffffff601000 r-xp 00000000 00:00 0                  [vsyscall]

VM Arguments:
jvm_args: -Xmx24G 
java_command: /home/mayijun/TRAVELSHED/otp/otpwt2/otp-1.4.0-shaded.jar --graphs /home/mayijun/TRAVELSHED/otp/otpwt2 --autoScan --analyst --port 8801 --securePort 8802
java_class_path (initial): /home/mayijun/TRAVELSHED/otp/otpwt2/otp-1.4.0-shaded.jar
Launcher Type: SUN_STANDARD

Environment Variables:
PATH=/home/mayijun/perl5/bin:/home/mayijun/.local/bin:/home/mayijun/perl5/bin:/usr/local/sbin:/usr/local/bin:/usr/sbin:/usr/bin:/sbin:/bin:/usr/games:/usr/local/games:/snap/bin
SHELL=/bin/bash

Signal Handlers:
SIGSEGV: [libjvm.so+0xb6e2e0], sa_mask[0]=11111111011111111101111111111110, sa_flags=SA_RESTART|SA_SIGINFO
SIGBUS: [libjvm.so+0xb6e2e0], sa_mask[0]=11111111011111111101111111111110, sa_flags=SA_RESTART|SA_SIGINFO
SIGFPE: [libjvm.so+0x98e380], sa_mask[0]=11111111011111111101111111111110, sa_flags=SA_RESTART|SA_SIGINFO
SIGPIPE: [libjvm.so+0x98e380], sa_mask[0]=11111111011111111101111111111110, sa_flags=SA_RESTART|SA_SIGINFO
SIGXFSZ: [libjvm.so+0x98e380], sa_mask[0]=11111111011111111101111111111110, sa_flags=SA_RESTART|SA_SIGINFO
SIGILL: [libjvm.so+0x98e380], sa_mask[0]=11111111011111111101111111111110, sa_flags=SA_RESTART|SA_SIGINFO
SIGUSR1: SIG_DFL, sa_mask[0]=00000000000000000000000000000000, sa_flags=none
SIGUSR2: [libjvm.so+0x98e230], sa_mask[0]=00000000000000000000000000000000, sa_flags=SA_RESTART|SA_SIGINFO
SIGHUP: [libjvm.so+0x98e8a0], sa_mask[0]=11111111011111111101111111111110, sa_flags=SA_RESTART|SA_SIGINFO
SIGINT: [libjvm.so+0x98e8a0], sa_mask[0]=11111111011111111101111111111110, sa_flags=SA_RESTART|SA_SIGINFO
SIGTERM: [libjvm.so+0x98e8a0], sa_mask[0]=11111111011111111101111111111110, sa_flags=SA_RESTART|SA_SIGINFO
SIGQUIT: [libjvm.so+0x98e8a0], sa_mask[0]=11111111011111111101111111111110, sa_flags=SA_RESTART|SA_SIGINFO


---------------  S Y S T E M  ---------------

OS:DISTRIB_ID=Ubuntu
DISTRIB_RELEASE=18.04
DISTRIB_CODENAME=bionic
DISTRIB_DESCRIPTION="Ubuntu 18.04.5 LTS"

uname:Linux 4.15.0-142-generic #146-Ubuntu SMP Tue Apr 13 01:11:19 UTC 2021 x86_64
libc:glibc 2.27 NPTL 2.27 
rlimit: STACK 8192k, CORE 0k, NPROC 128567, NOFILE 1048576, AS infinity
load average:15.99 16.27 13.95

/proc/meminfo:
MemTotal:       32939400 kB
MemFree:          231584 kB
MemAvailable:     662108 kB
Buffers:          228308 kB
Cached:           453856 kB
SwapCached:            0 kB
Active:         31809432 kB
Inactive:         341764 kB
Active(anon):   31467464 kB
Inactive(anon):      412 kB
Active(file):     341968 kB
Inactive(file):   341352 kB
Unevictable:           0 kB
Mlocked:               0 kB
SwapTotal:             0 kB
SwapFree:              0 kB
Dirty:               680 kB
Writeback:           168 kB
AnonPages:      31469104 kB
Mapped:           178736 kB
Shmem:              1156 kB
Slab:             334040 kB
SReclaimable:     211780 kB
SUnreclaim:       122260 kB
KernelStack:       13440 kB
PageTables:        91088 kB
NFS_Unstable:          0 kB
Bounce:                0 kB
WritebackTmp:          0 kB
CommitLimit:    16469700 kB
Committed_AS:   43051628 kB
VmallocTotal:   34359738367 kB
VmallocUsed:           0 kB
VmallocChunk:          0 kB
HardwareCorrupted:     0 kB
AnonHugePages:    661504 kB
ShmemHugePages:        0 kB
ShmemPmdMapped:        0 kB
CmaTotal:              0 kB
CmaFree:               0 kB
HugePages_Total:       0
HugePages_Free:        0
HugePages_Rsvd:        0
HugePages_Surp:        0
Hugepagesize:       2048 kB
DirectMap4k:    15155176 kB
DirectMap2M:    18399232 kB

container (cgroup) information:
container_type: cgroupv1
cpu_cpuset_cpus: 0-7
cpu_memory_nodes: 0
active_processor_count: 8
cpu_quota: -1
cpu_period: 100000
cpu_shares: -1
memory_limit_in_bytes: -1
memory_and_swap_limit_in_bytes: -2
memory_soft_limit_in_bytes: -1
memory_usage_in_bytes: 25186279424
memory_max_usage_in_bytes: 25260158976


CPU:total 8 (initial active 8) (1 cores per cpu, 1 threads per core) family 6 model 79 stepping 1, cmov, cx8, fxsr, mmx, sse, sse2, sse3, ssse3, sse4.1, sse4.2, popcnt, avx, avx2, aes, clmul, erms, 3dnowpref, lzcnt, tsc, bmi1, bmi2, adx

/proc/cpuinfo:
processor	: 0
vendor_id	: GenuineIntel
cpu family	: 6
model		: 79
model name	: Intel(R) Xeon(R) CPU E5-2650 v4 @ 2.20GHz
stepping	: 1
microcode	: 0x1
cpu MHz		: 2294.608
cache size	: 4096 KB
physical id	: 0
siblings	: 1
core id		: 0
cpu cores	: 1
apicid		: 0
initial apicid	: 0
fpu		: yes
fpu_exception	: yes
cpuid level	: 13
wp		: yes
flags		: fpu vme de pse tsc msr pae mce cx8 apic sep mtrr pge mca cmov pat pse36 clflush mmx fxsr sse sse2 ss syscall nx rdtscp lm constant_tsc arch_perfmon rep_good nopl cpuid tsc_known_freq pni pclmulqdq vmx ssse3 fma cx16 pcid sse4_1 sse4_2 x2apic movbe popcnt tsc_deadline_timer aes xsave avx f16c rdrand hypervisor lahf_lm abm 3dnowprefetch cpuid_fault invpcid_single pti ssbd ibrs ibpb tpr_shadow vnmi flexpriority ept vpid fsgsbase tsc_adjust bmi1 avx2 smep bmi2 erms invpcid rdseed adx smap xsaveopt md_clear
bugs		: cpu_meltdown spectre_v1 spectre_v2 spec_store_bypass l1tf mds swapgs itlb_multihit
bogomips	: 4589.21
clflush size	: 64
cache_alignment	: 64
address sizes	: 40 bits physical, 48 bits virtual
power management:

processor	: 1
vendor_id	: GenuineIntel
cpu family	: 6
model		: 79
model name	: Intel(R) Xeon(R) CPU E5-2650 v4 @ 2.20GHz
stepping	: 1
microcode	: 0x1
cpu MHz		: 2294.608
cache size	: 4096 KB
physical id	: 1
siblings	: 1
core id		: 0
cpu cores	: 1
apicid		: 1
initial apicid	: 1
fpu		: yes
fpu_exception	: yes
cpuid level	: 13
wp		: yes
flags		: fpu vme de pse tsc msr pae mce cx8 apic sep mtrr pge mca cmov pat pse36 clflush mmx fxsr sse sse2 ss syscall nx rdtscp lm constant_tsc arch_perfmon rep_good nopl cpuid tsc_known_freq pni pclmulqdq vmx ssse3 fma cx16 pcid sse4_1 sse4_2 x2apic movbe popcnt tsc_deadline_timer aes xsave avx f16c rdrand hypervisor lahf_lm abm 3dnowprefetch cpuid_fault invpcid_single pti ssbd ibrs ibpb tpr_shadow vnmi flexpriority ept vpid fsgsbase tsc_adjust bmi1 avx2 smep bmi2 erms invpcid rdseed adx smap xsaveopt md_clear
bugs		: cpu_meltdown spectre_v1 spectre_v2 spec_store_bypass l1tf mds swapgs itlb_multihit
bogomips	: 4589.21
clflush size	: 64
cache_alignment	: 64
address sizes	: 40 bits physical, 48 bits virtual
power management:

processor	: 2
vendor_id	: GenuineIntel
cpu family	: 6
model		: 79
model name	: Intel(R) Xeon(R) CPU E5-2650 v4 @ 2.20GHz
stepping	: 1
microcode	: 0x1
cpu MHz		: 2294.608
cache size	: 4096 KB
physical id	: 2
siblings	: 1
core id		: 0
cpu cores	: 1
apicid		: 2
initial apicid	: 2
fpu		: yes
fpu_exception	: yes
cpuid level	: 13
wp		: yes
flags		: fpu vme de pse tsc msr pae mce cx8 apic sep mtrr pge mca cmov pat pse36 clflush mmx fxsr sse sse2 ss syscall nx rdtscp lm constant_tsc arch_perfmon rep_good nopl cpuid tsc_known_freq pni pclmulqdq vmx ssse3 fma cx16 pcid sse4_1 sse4_2 x2apic movbe popcnt tsc_deadline_timer aes xsave avx f16c rdrand hypervisor lahf_lm abm 3dnowprefetch cpuid_fault invpcid_single pti ssbd ibrs ibpb tpr_shadow vnmi flexpriority ept vpid fsgsbase tsc_adjust bmi1 avx2 smep bmi2 erms invpcid rdseed adx smap xsaveopt md_clear
bugs		: cpu_meltdown spectre_v1 spectre_v2 spec_store_bypass l1tf mds swapgs itlb_multihit
bogomips	: 4589.21
clflush size	: 64
cache_alignment	: 64
address sizes	: 40 bits physical, 48 bits virtual
power management:

processor	: 3
vendor_id	: GenuineIntel
cpu family	: 6
model		: 79
model name	: Intel(R) Xeon(R) CPU E5-2650 v4 @ 2.20GHz
stepping	: 1
microcode	: 0x1
cpu MHz		: 2294.608
cache size	: 4096 KB
physical id	: 3
siblings	: 1
core id		: 0
cpu cores	: 1
apicid		: 3
initial apicid	: 3
fpu		: yes
fpu_exception	: yes
cpuid level	: 13
wp		: yes
flags		: fpu vme de pse tsc msr pae mce cx8 apic sep mtrr pge mca cmov pat pse36 clflush mmx fxsr sse sse2 ss syscall nx rdtscp lm constant_tsc arch_perfmon rep_good nopl cpuid tsc_known_freq pni pclmulqdq vmx ssse3 fma cx16 pcid sse4_1 sse4_2 x2apic movbe popcnt tsc_deadline_timer aes xsave avx f16c rdrand hypervisor lahf_lm abm 3dnowprefetch cpuid_fault invpcid_single pti ssbd ibrs ibpb tpr_shadow vnmi flexpriority ept vpid fsgsbase tsc_adjust bmi1 avx2 smep bmi2 erms invpcid rdseed adx smap xsaveopt md_clear
bugs		: cpu_meltdown spectre_v1 spectre_v2 spec_store_bypass l1tf mds swapgs itlb_multihit
bogomips	: 4589.21
clflush size	: 64
cache_alignment	: 64
address sizes	: 40 bits physical, 48 bits virtual
power management:

processor	: 4
vendor_id	: GenuineIntel
cpu family	: 6
model		: 79
model name	: Intel(R) Xeon(R) CPU E5-2650 v4 @ 2.20GHz
stepping	: 1
microcode	: 0x1
cpu MHz		: 2294.608
cache size	: 4096 KB
physical id	: 4
siblings	: 1
core id		: 0
cpu cores	: 1
apicid		: 4
initial apicid	: 4
fpu		: yes
fpu_exception	: yes
cpuid level	: 13
wp		: yes
flags		: fpu vme de pse tsc msr pae mce cx8 apic sep mtrr pge mca cmov pat pse36 clflush mmx fxsr sse sse2 ss syscall nx rdtscp lm constant_tsc arch_perfmon rep_good nopl cpuid tsc_known_freq pni pclmulqdq vmx ssse3 fma cx16 pcid sse4_1 sse4_2 x2apic movbe popcnt tsc_deadline_timer aes xsave avx f16c rdrand hypervisor lahf_lm abm 3dnowprefetch cpuid_fault invpcid_single pti ssbd ibrs ibpb tpr_shadow vnmi flexpriority ept vpid fsgsbase tsc_adjust bmi1 avx2 smep bmi2 erms invpcid rdseed adx smap xsaveopt md_clear
bugs		: cpu_meltdown spectre_v1 spectre_v2 spec_store_bypass l1tf mds swapgs itlb_multihit
bogomips	: 4589.21
clflush size	: 64
cache_alignment	: 64
address sizes	: 40 bits physical, 48 bits virtual
power management:

processor	: 5
vendor_id	: GenuineIntel
cpu family	: 6
model		: 79
model name	: Intel(R) Xeon(R) CPU E5-2650 v4 @ 2.20GHz
stepping	: 1
microcode	: 0x1
cpu MHz		: 2294.608
cache size	: 4096 KB
physical id	: 5
siblings	: 1
core id		: 0
cpu cores	: 1
apicid		: 5
initial apicid	: 5
fpu		: yes
fpu_exception	: yes
cpuid level	: 13
wp		: yes
flags		: fpu vme de pse tsc msr pae mce cx8 apic sep mtrr pge mca cmov pat pse36 clflush mmx fxsr sse sse2 ss syscall nx rdtscp lm constant_tsc arch_perfmon rep_good nopl cpuid tsc_known_freq pni pclmulqdq vmx ssse3 fma cx16 pcid sse4_1 sse4_2 x2apic movbe popcnt tsc_deadline_timer aes xsave avx f16c rdrand hypervisor lahf_lm abm 3dnowprefetch cpuid_fault invpcid_single pti ssbd ibrs ibpb tpr_shadow vnmi flexpriority ept vpid fsgsbase tsc_adjust bmi1 avx2 smep bmi2 erms invpcid rdseed adx smap xsaveopt md_clear
bugs		: cpu_meltdown spectre_v1 spectre_v2 spec_store_bypass l1tf mds swapgs itlb_multihit
bogomips	: 4589.21
clflush size	: 64
cache_alignment	: 64
address sizes	: 40 bits physical, 48 bits virtual
power management:

processor	: 6
vendor_id	: GenuineIntel
cpu family	: 6
model		: 79
model name	: Intel(R) Xeon(R) CPU E5-2650 v4 @ 2.20GHz
stepping	: 1
microcode	: 0x1
cpu MHz		: 2294.608
cache size	: 4096 KB
physical id	: 6
siblings	: 1
core id		: 0
cpu cores	: 1
apicid		: 6
initial apicid	: 6
fpu		: yes
fpu_exception	: yes
cpuid level	: 13
wp		: yes
flags		: fpu vme de pse tsc msr pae mce cx8 apic sep mtrr pge mca cmov pat pse36 clflush mmx fxsr sse sse2 ss syscall nx rdtscp lm constant_tsc arch_perfmon rep_good nopl cpuid tsc_known_freq pni pclmulqdq vmx ssse3 fma cx16 pcid sse4_1 sse4_2 x2apic movbe popcnt tsc_deadline_timer aes xsave avx f16c rdrand hypervisor lahf_lm abm 3dnowprefetch cpuid_fault invpcid_single pti ssbd ibrs ibpb tpr_shadow vnmi flexpriority ept vpid fsgsbase tsc_adjust bmi1 avx2 smep bmi2 erms invpcid rdseed adx smap xsaveopt md_clear
bugs		: cpu_meltdown spectre_v1 spectre_v2 spec_store_bypass l1tf mds swapgs itlb_multihit
bogomips	: 4589.21
clflush size	: 64
cache_alignment	: 64
address sizes	: 40 bits physical, 48 bits virtual
power management:

processor	: 7
vendor_id	: GenuineIntel
cpu family	: 6
model		: 79
model name	: Intel(R) Xeon(R) CPU E5-2650 v4 @ 2.20GHz
stepping	: 1
microcode	: 0x1
cpu MHz		: 2294.608
cache size	: 4096 KB
physical id	: 7
siblings	: 1
core id		: 0
cpu cores	: 1
apicid		: 7
initial apicid	: 7
fpu		: yes
fpu_exception	: yes
cpuid level	: 13
wp		: yes
flags		: fpu vme de pse tsc msr pae mce cx8 apic sep mtrr pge mca cmov pat pse36 clflush mmx fxsr sse sse2 ss syscall nx rdtscp lm constant_tsc arch_perfmon rep_good nopl cpuid tsc_known_freq pni pclmulqdq vmx ssse3 fma cx16 pcid sse4_1 sse4_2 x2apic movbe popcnt tsc_deadline_timer aes xsave avx f16c rdrand hypervisor lahf_lm abm 3dnowprefetch cpuid_fault invpcid_single pti ssbd ibrs ibpb tpr_shadow vnmi flexpriority ept vpid fsgsbase tsc_adjust bmi1 avx2 smep bmi2 erms invpcid rdseed adx smap xsaveopt md_clear
bugs		: cpu_meltdown spectre_v1 spectre_v2 spec_store_bypass l1tf mds swapgs itlb_multihit
bogomips	: 4589.21
clflush size	: 64
cache_alignment	: 64
address sizes	: 40 bits physical, 48 bits virtual
power management:



Memory: 4k page, physical 32939400k(231584k free), swap 0k(0k free)

vm_info: OpenJDK 64-Bit Server VM (25.292-b10) for linux-amd64 JRE (1.8.0_292-8u292-b10-0ubuntu1~18.04-b10), built on Apr 21 2021 11:46:09 by "buildd" with gcc 7.5.0

time: Wed May  5 00:08:49 2021
timezone: UTC
elapsed time: 1118.624215 seconds (0d 0h 18m 38s)

